<?xml version="1.0" encoding="UTF-8"?>
<!-- Generated by org.testng.reporters.JUnitReportReporter -->
<testsuite hostname="LAPTOP-I33T45KV" failures="0" tests="2" name="com.facebook.tests.TestLoginpage" time="2.677" errors="0" timestamp="2023-01-25T23:12:30 IST" skipped="0">
  <testcase classname="com.facebook.tests.TestLoginpage" name="logintest" time="2.676"/>
  <system-out/>
  <testcase classname="com.facebook.tests.TestLoginpage" name="validation" time="0.001"/>
  <system-out/>
</testsuite> <!-- com.facebook.tests.TestLoginpage -->
