<?xml version="1.0" encoding="UTF-8"?>
<!-- Generated by org.testng.reporters.JUnitReportReporter -->
<testsuite hostname="LAPTOP-I33T45KV" failures="0" tests="1" name="com.facebook.page.LoginPage" time="50.361" errors="0" timestamp="2023-01-21T22:36:42 IST" skipped="0">
  <testcase classname="com.facebook.page.LoginPage" name="medhasdslogin" time="50.361"/>
  <system-out/>
</testsuite> <!-- com.facebook.page.LoginPage -->
